The system is: Windows - 10.0.19044 - AMD64
Compiling the C compiler identification source file "CMakeCCompilerId.c" succeeded.
Compiler: D:/visual studio/VC/Tools/MSVC/14.32.31326/bin/Hostx86/x64/cl.exe 
Build flags: 
Id flags:  

The output was:
0
用于 x64 的 Microsoft (R) C/C++ 优化编译器 19.32.31329 版
版权所有(C) Microsoft Corporation。保留所有权利。

CMakeCCompilerId.c
Microsoft (R) Incremental Linker Version 14.32.31329.0
Copyright (C) Microsoft Corporation.  All rights reserved.

/out:CMakeCCompilerId.exe 
CMakeCCompilerId.obj 


Compilation of the C compiler identification source "CMakeCCompilerId.c" produced "CMakeCCompilerId.exe"

Compilation of the C compiler identification source "CMakeCCompilerId.c" produced "CMakeCCompilerId.obj"

The C compiler identification is MSVC, found in "D:/Astudy/AGames/Games101-Homework-Win-master-April-29/Assignment6/cmake-build-debug/CMakeFiles/3.21.1/CompilerIdC/CMakeCCompilerId.exe"

Compiling the CXX compiler identification source file "CMakeCXXCompilerId.cpp" succeeded.
Compiler: D:/visual studio/VC/Tools/MSVC/14.32.31326/bin/Hostx86/x64/cl.exe 
Build flags: 
Id flags:  

The output was:
0
用于 x64 的 Microsoft (R) C/C++ 优化编译器 19.32.31329 版
版权所有(C) Microsoft Corporation。保留所有权利。

CMakeCXXCompilerId.cpp
Microsoft (R) Incremental Linker Version 14.32.31329.0
Copyright (C) Microsoft Corporation.  All rights reserved.

/out:CMakeCXXCompilerId.exe 
CMakeCXXCompilerId.obj 


Compilation of the CXX compiler identification source "CMakeCXXCompilerId.cpp" produced "CMakeCXXCompilerId.exe"

Compilation of the CXX compiler identification source "CMakeCXXCompilerId.cpp" produced "CMakeCXXCompilerId.obj"

The CXX compiler identification is MSVC, found in "D:/Astudy/AGames/Games101-Homework-Win-master-April-29/Assignment6/cmake-build-debug/CMakeFiles/3.21.1/CompilerIdCXX/CMakeCXXCompilerId.exe"

Detecting C compiler ABI info compiled with the following output:
Change Dir: D:/Astudy/AGames/Games101-Homework-Win-master-April-29/Assignment6/cmake-build-debug/CMakeFiles/CMakeTmp

Run Build Command(s):D:/download/CLion 2021.3.4/bin/ninja/win/ninja.exe cmTC_81e6d && [1/2] Building C object CMakeFiles\cmTC_81e6d.dir\CMakeCCompilerABI.c.obj
[2/2] Linking C executable cmTC_81e6d.exe



Detecting CXX compiler ABI info compiled with the following output:
Change Dir: D:/Astudy/AGames/Games101-Homework-Win-master-April-29/Assignment6/cmake-build-debug/CMakeFiles/CMakeTmp

Run Build Command(s):D:/download/CLion 2021.3.4/bin/ninja/win/ninja.exe cmTC_0b3f2 && [1/2] Building CXX object CMakeFiles\cmTC_0b3f2.dir\CMakeCXXCompilerABI.cpp.obj
[2/2] Linking CXX executable cmTC_0b3f2.exe



